#! /c/Source/iverilog-install/bin/vvp
:ivl_version "12.0 (devel)" "(s20150603-1539-g2693dd32b)";
:ivl_delay_selection "TYPICAL";
:vpi_time_precision - 12;
:vpi_module "F:\iverilog\lib\ivl\system.vpi";
:vpi_module "F:\iverilog\lib\ivl\vhdl_sys.vpi";
:vpi_module "F:\iverilog\lib\ivl\vhdl_textio.vpi";
:vpi_module "F:\iverilog\lib\ivl\v2005_math.vpi";
:vpi_module "F:\iverilog\lib\ivl\va_math.vpi";
S_000001616122a2d0 .scope module, "fifo_tb" "fifo_tb" 2 4;
 .timescale -9 -12;
P_0000016161203ac0 .param/l "DEPTH" 0 2 8, +C4<00000000000000000000000000001000>;
P_0000016161203af8 .param/l "WIDTH" 0 2 7, +C4<00000000000000000000000000001011>;
v000001616129e500_0 .var "clk", 0 0;
v000001616129e3c0_0 .net "count", 3 0, v000001616129e140_0;  1 drivers
v000001616129ef00_0 .var "din", 10 0;
v000001616129ee60_0 .net "dout", 10 0, v000001616129e8c0_0;  1 drivers
v000001616129e460_0 .net "empty", 0 0, L_000001616129fa10;  1 drivers
v000001616129e5a0_0 .net "full", 0 0, L_000001616129fbf0;  1 drivers
v000001616129eaa0_0 .var/i "i", 31 0;
v000001616129eb40_0 .var "rd_en", 0 0;
v00000161612a0370_0 .var "rst", 0 0;
v000001616129f970_0 .var "wr_en", 0 0;
E_000001616122d900 .event posedge, v000001616129ebe0_0;
S_000001616122c090 .scope module, "uut" "fifo" 2 27, 3 1 0, S_000001616122a2d0;
 .timescale -9 -12;
    .port_info 0 /INPUT 1 "clk";
    .port_info 1 /INPUT 1 "rst";
    .port_info 2 /INPUT 1 "wr_en";
    .port_info 3 /INPUT 11 "din";
    .port_info 4 /INPUT 1 "rd_en";
    .port_info 5 /OUTPUT 11 "dout";
    .port_info 6 /OUTPUT 1 "full";
    .port_info 7 /OUTPUT 1 "empty";
    .port_info 8 /OUTPUT 4 "count";
P_0000016161203be0 .param/l "DEPTH" 0 3 3, +C4<00000000000000000000000000001000>;
P_0000016161203c18 .param/l "WIDTH" 0 3 2, +C4<00000000000000000000000000001011>;
L_0000016161242bd0 .functor AND 1, v000001616129f970_0, L_00000161612a0550, C4<1>, C4<1>;
L_0000016161242c40 .functor AND 1, v000001616129eb40_0, L_000001616129f790, C4<1>, C4<1>;
v0000016161229bd0_0 .net *"_ivl_1", 0 0, L_00000161612a0550;  1 drivers
L_00000161612a1078 .functor BUFT 1, C4<0000000000000000000000000000>, C4<0>, C4<0>, C4<0>;
v000001616122a460_0 .net *"_ivl_11", 27 0, L_00000161612a1078;  1 drivers
L_00000161612a10c0 .functor BUFT 1, C4<00000000000000000000000000000000>, C4<0>, C4<0>, C4<0>;
v000001616135bee0_0 .net/2u *"_ivl_12", 31 0, L_00000161612a10c0;  1 drivers
v000001616122f030_0 .net *"_ivl_16", 31 0, L_000001616129fc90;  1 drivers
L_00000161612a1108 .functor BUFT 1, C4<0000000000000000000000000000>, C4<0>, C4<0>, C4<0>;
v000001616122f0d0_0 .net *"_ivl_19", 27 0, L_00000161612a1108;  1 drivers
L_00000161612a1150 .functor BUFT 1, C4<00000000000000000000000000001000>, C4<0>, C4<0>, C4<0>;
v000001616129e1e0_0 .net/2u *"_ivl_20", 31 0, L_00000161612a1150;  1 drivers
v000001616129e640_0 .net *"_ivl_5", 0 0, L_000001616129f790;  1 drivers
v000001616129ed20_0 .net *"_ivl_8", 31 0, L_00000161612a0eb0;  1 drivers
v000001616129ebe0_0 .net "clk", 0 0, v000001616129e500_0;  1 drivers
v000001616129e140_0 .var "count", 3 0;
v000001616129e6e0_0 .net "din", 10 0, v000001616129ef00_0;  1 drivers
v000001616129e780_0 .net "do_read", 0 0, L_0000016161242c40;  1 drivers
v000001616129e820_0 .net "do_write", 0 0, L_0000016161242bd0;  1 drivers
v000001616129e8c0_0 .var "dout", 10 0;
v000001616129ec80_0 .net "empty", 0 0, L_000001616129fa10;  alias, 1 drivers
v000001616129e960_0 .net "full", 0 0, L_000001616129fbf0;  alias, 1 drivers
v000001616129e280 .array "mem", 7 0, 10 0;
v000001616129edc0_0 .net "rd_en", 0 0, v000001616129eb40_0;  1 drivers
v000001616129e0a0_0 .var "rd_ptr", 2 0;
v000001616129e320_0 .net "rst", 0 0, v00000161612a0370_0;  1 drivers
v000001616129efa0_0 .net "wr_en", 0 0, v000001616129f970_0;  1 drivers
v000001616129ea00_0 .var "wr_ptr", 2 0;
E_000001616122cbc0 .event posedge, v000001616129e320_0, v000001616129ebe0_0;
L_00000161612a0550 .reduce/nor L_000001616129fbf0;
L_000001616129f790 .reduce/nor L_000001616129fa10;
L_00000161612a0eb0 .concat [ 4 28 0 0], v000001616129e140_0, L_00000161612a1078;
L_000001616129fa10 .cmp/eq 32, L_00000161612a0eb0, L_00000161612a10c0;
L_000001616129fc90 .concat [ 4 28 0 0], v000001616129e140_0, L_00000161612a1108;
L_000001616129fbf0 .cmp/eq 32, L_000001616129fc90, L_00000161612a1150;
    .scope S_000001616122c090;
T_0 ;
    %wait E_000001616122cbc0;
    %load/vec4 v000001616129e320_0;
    %flag_set/vec4 8;
    %jmp/0xz  T_0.0, 8;
    %pushi/vec4 0, 0, 3;
    %assign/vec4 v000001616129ea00_0, 0;
    %pushi/vec4 0, 0, 3;
    %assign/vec4 v000001616129e0a0_0, 0;
    %pushi/vec4 0, 0, 4;
    %assign/vec4 v000001616129e140_0, 0;
    %pushi/vec4 0, 0, 11;
    %assign/vec4 v000001616129e8c0_0, 0;
    %jmp T_0.1;
T_0.0 ;
    %load/vec4 v000001616129e780_0;
    %flag_set/vec4 8;
    %jmp/0xz  T_0.2, 8;
    %load/vec4 v000001616129e0a0_0;
    %pad/u 5;
    %ix/vec4 4;
    %load/vec4a v000001616129e280, 4;
    %assign/vec4 v000001616129e8c0_0, 0;
    %load/vec4 v000001616129e0a0_0;
    %pad/u 32;
    %cmpi/e 7, 0, 32;
    %flag_mov 8, 4;
    %jmp/0 T_0.4, 8;
    %pushi/vec4 0, 0, 3;
    %jmp/1 T_0.5, 8;
T_0.4 ; End of true expr.
    %load/vec4 v000001616129e0a0_0;
    %addi 1, 0, 3;
    %jmp/0 T_0.5, 8;
 ; End of false expr.
    %blend;
T_0.5;
    %assign/vec4 v000001616129e0a0_0, 0;
T_0.2 ;
    %load/vec4 v000001616129e820_0;
    %flag_set/vec4 8;
    %jmp/0xz  T_0.6, 8;
    %load/vec4 v000001616129e6e0_0;
    %load/vec4 v000001616129ea00_0;
    %pad/u 5;
    %ix/vec4 3;
    %ix/load 4, 0, 0; Constant delay
    %assign/vec4/a/d v000001616129e280, 0, 4;
    %load/vec4 v000001616129ea00_0;
    %pad/u 32;
    %cmpi/e 7, 0, 32;
    %flag_mov 8, 4;
    %jmp/0 T_0.8, 8;
    %pushi/vec4 0, 0, 3;
    %jmp/1 T_0.9, 8;
T_0.8 ; End of true expr.
    %load/vec4 v000001616129ea00_0;
    %addi 1, 0, 3;
    %jmp/0 T_0.9, 8;
 ; End of false expr.
    %blend;
T_0.9;
    %assign/vec4 v000001616129ea00_0, 0;
T_0.6 ;
    %load/vec4 v000001616129e820_0;
    %load/vec4 v000001616129e780_0;
    %concat/vec4; draw_concat_vec4
    %dup/vec4;
    %pushi/vec4 1, 0, 2;
    %cmp/u;
    %jmp/1 T_0.10, 6;
    %dup/vec4;
    %pushi/vec4 2, 0, 2;
    %cmp/u;
    %jmp/1 T_0.11, 6;
    %dup/vec4;
    %pushi/vec4 3, 0, 2;
    %cmp/u;
    %jmp/1 T_0.12, 6;
    %load/vec4 v000001616129e140_0;
    %assign/vec4 v000001616129e140_0, 0;
    %jmp T_0.14;
T_0.10 ;
    %load/vec4 v000001616129e140_0;
    %subi 1, 0, 4;
    %assign/vec4 v000001616129e140_0, 0;
    %jmp T_0.14;
T_0.11 ;
    %load/vec4 v000001616129e140_0;
    %addi 1, 0, 4;
    %assign/vec4 v000001616129e140_0, 0;
    %jmp T_0.14;
T_0.12 ;
    %load/vec4 v000001616129e140_0;
    %assign/vec4 v000001616129e140_0, 0;
    %jmp T_0.14;
T_0.14 ;
    %pop/vec4 1;
T_0.1 ;
    %jmp T_0;
    .thread T_0;
    .scope S_000001616122a2d0;
T_1 ;
    %delay 5000, 0;
    %load/vec4 v000001616129e500_0;
    %inv;
    %store/vec4 v000001616129e500_0, 0, 1;
    %jmp T_1;
    .thread T_1;
    .scope S_000001616122a2d0;
T_2 ;
    %vpi_call 2 44 "$dumpfile", "fifo_tb.vcd" {0 0 0};
    %vpi_call 2 45 "$dumpvars", 32'sb00000000000000000000000000000000, S_000001616122a2d0 {0 0 0};
    %pushi/vec4 0, 0, 1;
    %store/vec4 v000001616129e500_0, 0, 1;
    %pushi/vec4 1, 0, 1;
    %store/vec4 v00000161612a0370_0, 0, 1;
    %pushi/vec4 0, 0, 1;
    %store/vec4 v000001616129f970_0, 0, 1;
    %pushi/vec4 0, 0, 11;
    %store/vec4 v000001616129ef00_0, 0, 11;
    %pushi/vec4 0, 0, 1;
    %store/vec4 v000001616129eb40_0, 0, 1;
    %delay 20000, 0;
    %pushi/vec4 0, 0, 1;
    %store/vec4 v00000161612a0370_0, 0, 1;
    %delay 10000, 0;
    %vpi_call 2 60 "$display", "Test 1: Basic write and read" {0 0 0};
    %pushi/vec4 1, 0, 1;
    %store/vec4 v000001616129f970_0, 0, 1;
    %pushi/vec4 291, 0, 11;
    %store/vec4 v000001616129ef00_0, 0, 11;
    %delay 10000, 0;
    %pushi/vec4 0, 0, 1;
    %store/vec4 v000001616129f970_0, 0, 1;
    %delay 10000, 0;
    %pushi/vec4 1, 0, 1;
    %store/vec4 v000001616129eb40_0, 0, 1;
    %delay 10000, 0;
    %load/vec4 v000001616129ee60_0;
    %cmpi/ne 291, 0, 11;
    %jmp/0xz  T_2.0, 6;
    %vpi_call 2 69 "$error", "Read data mismatch! Expected 123, got %h", v000001616129ee60_0 {0 0 0};
T_2.0 ;
    %pushi/vec4 0, 0, 1;
    %store/vec4 v000001616129eb40_0, 0, 1;
    %delay 20000, 0;
    %vpi_call 2 74 "$display", "Test 2: Fill the FIFO" {0 0 0};
    %pushi/vec4 0, 0, 32;
    %store/vec4 v000001616129eaa0_0, 0, 32;
T_2.2 ;
    %load/vec4 v000001616129eaa0_0;
    %cmpi/s 8, 0, 32;
    %jmp/0xz T_2.3, 5;
    %pushi/vec4 1, 0, 1;
    %store/vec4 v000001616129f970_0, 0, 1;
    %pushi/vec4 256, 0, 32;
    %load/vec4 v000001616129eaa0_0;
    %add;
    %pad/u 11;
    %store/vec4 v000001616129ef00_0, 0, 11;
    %delay 10000, 0;
    %load/vec4 v000001616129eaa0_0;
    %addi 1, 0, 32;
    %store/vec4 v000001616129eaa0_0, 0, 32;
    %jmp T_2.2;
T_2.3 ;
    %pushi/vec4 0, 0, 1;
    %store/vec4 v000001616129f970_0, 0, 1;
    %load/vec4 v000001616129e5a0_0;
    %nor/r;
    %flag_set/vec4 8;
    %jmp/0xz  T_2.4, 8;
    %vpi_call 2 82 "$error", "FIFO should be full!" {0 0 0};
T_2.4 ;
    %delay 20000, 0;
    %vpi_call 2 86 "$display", "Test 3: Reset test" {0 0 0};
    %pushi/vec4 1, 0, 1;
    %store/vec4 v00000161612a0370_0, 0, 1;
    %delay 10000, 0;
    %load/vec4 v000001616129e460_0;
    %nor/r;
    %flag_set/vec4 8;
    %jmp/1 T_2.8, 8;
    %load/vec4 v000001616129e3c0_0;
    %pad/u 32;
    %cmpi/ne 0, 0, 32;
    %flag_or 8, 4;
T_2.8;
    %jmp/0xz  T_2.6, 8;
    %vpi_call 2 90 "$error", "FIFO not properly reset!" {0 0 0};
T_2.6 ;
    %pushi/vec4 0, 0, 1;
    %store/vec4 v00000161612a0370_0, 0, 1;
    %delay 20000, 0;
    %vpi_call 2 95 "$display", "Test 4: Simultaneous read and write" {0 0 0};
    %pushi/vec4 1, 0, 1;
    %store/vec4 v000001616129f970_0, 0, 1;
    %pushi/vec4 512, 0, 11;
    %store/vec4 v000001616129ef00_0, 0, 11;
    %delay 10000, 0;
    %pushi/vec4 513, 0, 11;
    %store/vec4 v000001616129ef00_0, 0, 11;
    %delay 10000, 0;
    %pushi/vec4 0, 0, 1;
    %store/vec4 v000001616129f970_0, 0, 1;
    %delay 10000, 0;
    %pushi/vec4 1, 0, 1;
    %store/vec4 v000001616129f970_0, 0, 1;
    %pushi/vec4 1, 0, 1;
    %store/vec4 v000001616129eb40_0, 0, 1;
    %pushi/vec4 514, 0, 11;
    %store/vec4 v000001616129ef00_0, 0, 11;
    %delay 10000, 0;
    %load/vec4 v000001616129ee60_0;
    %cmpi/ne 512, 0, 11;
    %jmp/0xz  T_2.9, 6;
    %vpi_call 2 110 "$error", "Read during simultaneous op mismatch! Expected 200, got %h", v000001616129ee60_0 {0 0 0};
T_2.9 ;
    %pushi/vec4 0, 0, 1;
    %store/vec4 v000001616129f970_0, 0, 1;
    %pushi/vec4 0, 0, 1;
    %store/vec4 v000001616129eb40_0, 0, 1;
    %delay 20000, 0;
    %vpi_call 2 115 "$display", "All tests completed" {0 0 0};
    %vpi_call 2 116 "$finish" {0 0 0};
    %end;
    .thread T_2;
    .scope S_000001616122a2d0;
T_3 ;
    %wait E_000001616122d900;
    %vpi_call 2 121 "$display", "[%0t] Rst: %b, WrEn: %b, Din: %h, RdEn: %b, Dout: %h, Full: %b, Empty: %b, Count: %0d", $time, v00000161612a0370_0, v000001616129f970_0, v000001616129ef00_0, v000001616129eb40_0, v000001616129ee60_0, v000001616129e5a0_0, v000001616129e460_0, v000001616129e3c0_0 {0 0 0};
    %jmp T_3;
    .thread T_3;
# The file index is used to find the file name in the following table.
:file_names 4;
    "N/A";
    "<interactive>";
    "fifo_tb.v";
    "././fifo.v";
